app/build/intermediates/manifest_merge_blame_file/debug/manifest-merger-blame-debug-report.txt
1<?xml version="1.0" encoding="utf-8"?>
2<manifest xmlns:android="http://schemas.android.com/apk/res/android"
3    package="com.example.fatecmobile"
4    android:versionCode="1"
5    android:versionName="1.0" >
6
7    <uses-sdk
8        android:minSdkVersion="16"
8-->src\main\AndroidManifest.xml
9        android:targetSdkVersion="30" />
9-->src\main\AndroidManifest.xml
10
11    <application
11-->src\main\AndroidManifest.xml:5:5-55:19
12        android:allowBackup="true"
12-->src\main\AndroidManifest.xml:6:9-35
13        android:appComponentFactory="androidx.core.app.CoreComponentFactory"
13-->[androidx.core:core:1.5.0] AndroidManifest.xml:24:18-86
14        android:debuggable="true"
15        android:icon="@mipmap/ic_launcher"
15-->src\main\AndroidManifest.xml:7:9-43
16        android:label="@string/app_name"
16-->src\main\AndroidManifest.xml:8:9-41
17        android:roundIcon="@mipmap/ic_launcher_round"
17-->src\main\AndroidManifest.xml:9:9-54
18        android:supportsRtl="true"
18-->src\main\AndroidManifest.xml:10:9-35
19        android:testOnly="true"
20        android:theme="@style/Theme.FatecMobile" >
20-->src\main\AndroidManifest.xml:11:9-49
21        <activity
21-->src\main\AndroidManifest.xml:12:9-15:77
22            android:name="com.example.fatecmobile.telas.terceiro.UptTerceiroActivity"
22-->src\main\AndroidManifest.xml:13:13-63
23            android:label="@string/title_activity_upt_terceiro"
23-->src\main\AndroidManifest.xml:14:13-64
24            android:theme="@style/Theme.FatecMobile.NoActionBar" />
24-->src\main\AndroidManifest.xml:15:13-65
25        <activity
25-->src\main\AndroidManifest.xml:16:9-19:68
26            android:name="com.example.fatecmobile.telas.terceiro.ListTerceiroParamActivity"
26-->src\main\AndroidManifest.xml:17:13-69
27            android:label="@string/title_activity_list_terceiro_param"
27-->src\main\AndroidManifest.xml:18:13-71
28            android:theme="@style/Theme.FatecMobile.NoActionBar" />
28-->src\main\AndroidManifest.xml:19:13-65
29        <activity
29-->src\main\AndroidManifest.xml:20:9-23:68
30            android:name="com.example.fatecmobile.telas.terceiro.ListTerceiroActivity"
30-->src\main\AndroidManifest.xml:21:13-64
31            android:label="@string/title_activity_list_terceiro"
31-->src\main\AndroidManifest.xml:22:13-65
32            android:theme="@style/Theme.FatecMobile.NoActionBar" />
32-->src\main\AndroidManifest.xml:23:13-65
33        <activity
33-->src\main\AndroidManifest.xml:24:9-27:68
34            android:name="com.example.fatecmobile.telas.terceiro.AddTerceiroActivity"
34-->src\main\AndroidManifest.xml:25:13-63
35            android:label="@string/title_activity_add_terceiro"
35-->src\main\AndroidManifest.xml:26:13-64
36            android:theme="@style/Theme.FatecMobile.NoActionBar" />
36-->src\main\AndroidManifest.xml:27:13-65
37        <activity
37-->src\main\AndroidManifest.xml:28:9-31:68
38            android:name="com.example.fatecmobile.telas.usuario.UptUsuActivity"
38-->src\main\AndroidManifest.xml:29:13-57
39            android:label="@string/title_activity_upt_usu"
39-->src\main\AndroidManifest.xml:30:13-59
40            android:theme="@style/Theme.FatecMobile.NoActionBar" />
40-->src\main\AndroidManifest.xml:31:13-65
41        <activity
41-->src\main\AndroidManifest.xml:32:9-35:68
42            android:name="com.example.fatecmobile.telas.MenuActivity"
42-->src\main\AndroidManifest.xml:33:13-47
43            android:label="@string/title_activity_menu"
43-->src\main\AndroidManifest.xml:34:13-56
44            android:theme="@style/Theme.FatecMobile.NoActionBar" />
44-->src\main\AndroidManifest.xml:35:13-65
45        <activity
45-->src\main\AndroidManifest.xml:36:9-39:68
46            android:name="com.example.fatecmobile.telas.usuario.ListUsuParamActivity"
46-->src\main\AndroidManifest.xml:37:13-63
47            android:label="@string/title_activity_list_usu_param"
47-->src\main\AndroidManifest.xml:38:13-66
48            android:theme="@style/Theme.FatecMobile.NoActionBar" />
48-->src\main\AndroidManifest.xml:39:13-65
49        <activity
49-->src\main\AndroidManifest.xml:40:9-43:68
50            android:name="com.example.fatecmobile.telas.usuario.ListUsuActivity"
50-->src\main\AndroidManifest.xml:41:13-58
51            android:label="@string/title_activity_list_usu"
51-->src\main\AndroidManifest.xml:42:13-60
52            android:theme="@style/Theme.FatecMobile.NoActionBar" />
52-->src\main\AndroidManifest.xml:43:13-65
53        <activity
53-->src\main\AndroidManifest.xml:44:9-47:68
54            android:name="com.example.fatecmobile.telas.usuario.AddUsuActivity"
54-->src\main\AndroidManifest.xml:45:13-57
55            android:label="@string/title_activity_add_usu"
55-->src\main\AndroidManifest.xml:46:13-59
56            android:theme="@style/Theme.FatecMobile.NoActionBar" />
56-->src\main\AndroidManifest.xml:47:13-65
57        <activity android:name="com.example.fatecmobile.telas.LoginActivity" >
57-->src\main\AndroidManifest.xml:48:9-54:20
57-->src\main\AndroidManifest.xml:48:19-54
58            <intent-filter>
58-->src\main\AndroidManifest.xml:49:13-53:29
59                <action android:name="android.intent.action.MAIN" />
59-->src\main\AndroidManifest.xml:50:17-69
59-->src\main\AndroidManifest.xml:50:25-66
60
61                <category android:name="android.intent.category.LAUNCHER" />
61-->src\main\AndroidManifest.xml:52:17-77
61-->src\main\AndroidManifest.xml:52:27-74
62            </intent-filter>
63        </activity>
64    </application>
65
66</manifest>